<?xml version="1.0" encoding="UTF-8"?>
<!-- Generated by org.testng.reporters.JUnitReportReporter -->
<testsuite hostname="Pavels-Mac-mini.local" name="com.mobisystems.automation.excel.data.TestData" tests="1" failures="0" timestamp="10 Apr 2017 16:25:55 GMT" time="21.919" errors="0">
  <testcase name="AddGoogleCloud" time="21.919" classname="com.mobisystems.automation.excel.data.TestData"/>
</testsuite> <!-- com.mobisystems.automation.excel.data.TestData -->
