<?xml version="1.0" encoding="UTF-8"?>
<!-- Generated by org.testng.reporters.JUnitReportReporter -->
<testsuite hostname="Pavels-Mac-mini.local" name="com.mobisystems.automation.excel.area.AreaStacked100" tests="2" failures="0" timestamp="10 Apr 2017 16:25:55 GMT" time="19.314" errors="0">
  <testcase name="openAreaStacked100" time="17.422" classname="com.mobisystems.automation.excel.area.AreaStacked100"/>
  <testcase name="visualAreaStacked100" time="1.892" classname="com.mobisystems.automation.excel.area.AreaStacked100"/>
</testsuite> <!-- com.mobisystems.automation.excel.area.AreaStacked100 -->
